myproduct/build/outputs/logs/manifest-merger-debug-report.txt
-- Merging decision tree log ---
manifest
ADDED from src\main\AndroidManifest.xml:2:1-20:12
INJECTED from src\main\AndroidManifest.xml:2:1-20:12
INJECTED from src\main\AndroidManifest.xml:2:1-20:12
INJECTED from src\main\AndroidManifest.xml:2:1-20:12
INJECTED from src\main\AndroidManifest.xml:2:1-20:12
INJECTED from src\main\AndroidManifest.xml:2:1-20:12
INJECTED from src\main\AndroidManifest.xml:2:1-20:12
	package
		ADDED from src\main\AndroidManifest.xml:2:70-98
		INJECTED from src\main\AndroidManifest.xml
		INJECTED from src\main\AndroidManifest.xml
	android:versionName
		ADDED from src\main\AndroidManifest.xml:2:99-124
		INJECTED from src\main\AndroidManifest.xml
		INJECTED from src\main\AndroidManifest.xml
	xmlns:android
		ADDED from src\main\AndroidManifest.xml:2:11-69
	android:versionCode
		ADDED from src\main\AndroidManifest.xml:2:125-148
		INJECTED from src\main\AndroidManifest.xml
		INJECTED from src\main\AndroidManifest.xml
	android:installLocation
		ADDED from src\main\AndroidManifest.xml:2:149-189
supports-screens
ADDED from src\main\AndroidManifest.xml:3:3-163
	android:largeScreens
		ADDED from src\main\AndroidManifest.xml:3:78-105
	android:smallScreens
		ADDED from src\main\AndroidManifest.xml:3:21-48
	android:normalScreens
		ADDED from src\main\AndroidManifest.xml:3:49-77
	android:xlargeScreens
		ADDED from src\main\AndroidManifest.xml:3:106-134
	android:anyDensity
		ADDED from src\main\AndroidManifest.xml:3:135-160
application
ADDED from src\main\AndroidManifest.xml:4:3-14:17
	android:label
		ADDED from src\main\AndroidManifest.xml:4:98-130
	android:debuggable
		ADDED from src\main\AndroidManifest.xml:4:131-157
	android:icon
		ADDED from src\main\AndroidManifest.xml:4:64-97
	android:theme
		ADDED from src\main\AndroidManifest.xml:4:16-63
activity#com.company.mytest.UnityPlayerNativeActivity
ADDED from src\main\AndroidManifest.xml:5:5-13:16
	android:screenOrientation
		ADDED from src\main\AndroidManifest.xml:5:48-91
	android:label
		ADDED from src\main\AndroidManifest.xml:5:15-47
	android:launchMode
		ADDED from src\main\AndroidManifest.xml:5:92-123
	android:configChanges
		ADDED from src\main\AndroidManifest.xml:5:124-281
	android:name
		ADDED from src\main\AndroidManifest.xml:5:282-341
intent-filter#action:name:android.intent.action.MAIN+category:name:android.intent.category.LAUNCHER+category:name:android.intent.category.LEANBACK_LAUNCHER
ADDED from src\main\AndroidManifest.xml:6:7-10:23
action#android.intent.action.MAIN
ADDED from src\main\AndroidManifest.xml:7:9-61
	android:name
		ADDED from src\main\AndroidManifest.xml:7:17-58
category#android.intent.category.LAUNCHER
ADDED from src\main\AndroidManifest.xml:8:9-69
	android:name
		ADDED from src\main\AndroidManifest.xml:8:19-66
category#android.intent.category.LEANBACK_LAUNCHER
ADDED from src\main\AndroidManifest.xml:9:9-78
	android:name
		ADDED from src\main\AndroidManifest.xml:9:19-75
meta-data#unityplayer.UnityActivity
ADDED from src\main\AndroidManifest.xml:11:7-82
	android:value
		ADDED from src\main\AndroidManifest.xml:11:59-79
	android:name
		ADDED from src\main\AndroidManifest.xml:11:18-58
meta-data#unityplayer.ForwardNativeEventsToDalvik
ADDED from src\main\AndroidManifest.xml:12:7-97
	android:value
		ADDED from src\main\AndroidManifest.xml:12:73-94
	android:name
		ADDED from src\main\AndroidManifest.xml:12:18-72
uses-sdk
ADDED from src\main\AndroidManifest.xml:15:3-71
INJECTED from src\main\AndroidManifest.xml:15:3-71
INJECTED from src\main\AndroidManifest.xml:15:3-71
INJECTED from src\main\AndroidManifest.xml:15:3-71
INJECTED from src\main\AndroidManifest.xml:15:3-71
	android:targetSdkVersion
		ADDED from src\main\AndroidManifest.xml:15:39-68
		INJECTED from src\main\AndroidManifest.xml
		INJECTED from src\main\AndroidManifest.xml
	android:minSdkVersion
		ADDED from src\main\AndroidManifest.xml:15:13-38
		INJECTED from src\main\AndroidManifest.xml
		INJECTED from src\main\AndroidManifest.xml
uses-feature#0x00020000
ADDED from src\main\AndroidManifest.xml:16:3-52
	android:glEsVersion
		ADDED from src\main\AndroidManifest.xml:16:17-49
uses-feature#android.hardware.touchscreen
ADDED from src\main\AndroidManifest.xml:17:3-88
	android:required
		ADDED from src\main\AndroidManifest.xml:17:61-85
	android:name
		ADDED from src\main\AndroidManifest.xml:17:17-60
uses-feature#android.hardware.touchscreen.multitouch
ADDED from src\main\AndroidManifest.xml:18:3-99
	android:required
		ADDED from src\main\AndroidManifest.xml:18:72-96
	android:name
		ADDED from src\main\AndroidManifest.xml:18:17-71
uses-feature#android.hardware.touchscreen.multitouch.distinct
ADDED from src\main\AndroidManifest.xml:19:3-108
	android:required
		ADDED from src\main\AndroidManifest.xml:19:81-105
	android:name
		ADDED from src\main\AndroidManifest.xml:19:17-80